#
# A fatal error has been detected by the Java Runtime Environment:
#
#  Internal Error (dictionary.cpp:245), pid=9883, tid=2141408064
#  guarantee(!is_alive->do_object_b(e)) failed: klass should not be live if defining loader is not
#
# JRE version: 6.0_35-b10
# Java VM: Java HotSpot(TM) Server VM (20.10-b01 mixed mode linux-x86 )
# If you would like to submit a bug report, please visit:
#   http://java.sun.com/webapps/bugreport/crash.jsp
#

---------------  T H R E A D  ---------------

Current thread (0xb6782c00):  VMThread [stack: 0x7f9b4000,0x7fa35000] [id=9887]

Stack: [0x7f9b4000,0x7fa35000],  sp=0x7fa33c80,  free space=511k
Native frames: (J=compiled Java code, j=interpreted, Vv=VM code, C=native code)
V  [libjvm.so+0x726380]  VMError::report_and_die()+0x2b0
V  [libjvm.so+0x2f7b6e]  report_vm_error(char const*, int, char const*, char const*)+0x3e
V  [libjvm.so+0x3330b6]  Dictionary::do_unloading(BoolObjectClosure*)+0x2a6
V  [libjvm.so+0x6b6d97]  SystemDictionary::do_unloading(BoolObjectClosure*)+0x27
V  [libjvm.so+0x626fc7]  PSMarkSweep::mark_sweep_phase1(bool)+0x137
V  [libjvm.so+0x626077]  PSMarkSweep::invoke_no_policy(bool)+0x3c7
V  [libjvm.so+0x6309ee]  PSScavenge::invoke()+0x12e
V  [libjvm.so+0x5f62d9]  ParallelScavengeHeap::failed_mem_allocate(unsigned, bool)+0x49
V  [libjvm.so+0x727a6a]  VM_ParallelGCFailedAllocation::doit()+0x5a
V  [libjvm.so+0x7361e6]  VM_Operation::evaluate()+0x46
V  [libjvm.so+0x735673]  VMThread::evaluate_operation(VM_Operation*)+0x83
V  [libjvm.so+0x735918]  VMThread::loop()+0x1c8
V  [libjvm.so+0x7353d0]  VMThread::run()+0x80
V  [libjvm.so+0x5e3f8e]  java_start(Thread*)+0x14e
C  [libpthread.so.0+0x6d4c]  short+0xcc

VM_Operation (0x7197d4c0): ParallelGCFailedAllocation, mode: safepoint, requested by thread 0x72971000


---------------  P R O C E S S  ---------------

Java Threads: ( => current thread )
  0xb67b7c00 JavaThread "pool-1-thread-479" [_thread_in_native, id=11247, stack(0x65aac000,0x65afd000)]
  0x6b78f000 JavaThread "pool-1-thread-478" [_thread_in_native, id=11246, stack(0x65afd000,0x65b4e000)]
  0x6b78d000 JavaThread "pool-1-thread-477" [_thread_blocked, id=11245, stack(0x65b4e000,0x65b9f000)]
  0x6eaf3c00 JavaThread "pool-1-thread-476" [_thread_in_native, id=11244, stack(0x65b9f000,0x65bf0000)]
  0x6eaf2c00 JavaThread "pool-1-thread-475" [_thread_blocked, id=11243, stack(0x65bf0000,0x65c41000)]
  0x0919fc00 JavaThread "pool-1-thread-474" [_thread_blocked, id=11242, stack(0x65c41000,0x65c92000)]
  0x6eaf1000 JavaThread "pool-1-thread-473" [_thread_in_native, id=11241, stack(0x65c92000,0x65ce3000)]
  0xb67b4400 JavaThread "pool-1-thread-472" [_thread_blocked, id=11240, stack(0x65ce3000,0x65d34000)]
  0xb67b2c00 JavaThread "pool-1-thread-471" [_thread_in_native, id=11239, stack(0x65d34000,0x65d85000)]
  0x08e48c00 JavaThread "pool-1-thread-470" [_thread_in_native, id=11238, stack(0x65d85000,0x65dd6000)]
  0x6b78b800 JavaThread "pool-1-thread-469" [_thread_blocked, id=11237, stack(0x65dd6000,0x65e27000)]
  0x08e47c00 JavaThread "pool-1-thread-468" [_thread_in_native, id=11236, stack(0x65e27000,0x65e78000)]
  0x7ded9800 JavaThread "pool-1-thread-467" [_thread_blocked, id=11235, stack(0x65e78000,0x65ec9000)]
  0x6b78a000 JavaThread "pool-1-thread-466" [_thread_blocked, id=11234, stack(0x65ec9000,0x65f1a000)]
  0x7ded7000 JavaThread "pool-1-thread-465" [_thread_in_native, id=11233, stack(0x65f1a000,0x65f6b000)]
  0x08e46400 JavaThread "pool-1-thread-464" [_thread_in_native, id=11231, stack(0x65f6b000,0x65fbc000)]
  0x6eaeec00 JavaThread "pool-1-thread-463" [_thread_in_native, id=11230, stack(0x65fbc000,0x6600d000)]
  0x7d60fc00 JavaThread "pool-1-thread-462" [_thread_in_native, id=11229, stack(0x6600d000,0x6605e000)]
  0x6eaed000 JavaThread "pool-1-thread-461" [_thread_in_native, id=11228, stack(0x6605e000,0x660af000)]
  0x6b788400 JavaThread "pool-1-thread-460" [_thread_blocked, id=11227, stack(0x660af000,0x66100000)]
  0x6b787400 JavaThread "pool-1-thread-459" [_thread_in_native, id=11226, stack(0x66100000,0x66151000)]
  0x09271400 JavaThread "pool-1-thread-458" [_thread_blocked, id=11225, stack(0x66151000,0x661a2000)]
  0x0926f400 JavaThread "pool-1-thread-457" [_thread_in_native, id=11224, stack(0x661a2000,0x661f3000)]
  0x7d60e400 JavaThread "pool-1-thread-456" [_thread_in_native, id=11223, stack(0x661f3000,0x66244000)]
  0x6b785c00 JavaThread "pool-1-thread-455" [_thread_blocked, id=11222, stack(0x66244000,0x66295000)]
  0x6eaeb800 JavaThread "pool-1-thread-454" [_thread_blocked, id=11221, stack(0x66295000,0x662e6000)]
  0x0926d000 JavaThread "pool-1-thread-453" [_thread_blocked, id=11220, stack(0x662e6000,0x66337000)]
  0x6eaea000 JavaThread "pool-1-thread-452" [_thread_blocked, id=11219, stack(0x66337000,0x66388000)]
  0x7d60c800 JavaThread "pool-1-thread-451" [_thread_blocked, id=11218, stack(0x66388000,0x663d9000)]
  0x6b783c00 JavaThread "pool-1-thread-450" [_thread_blocked, id=11217, stack(0x663d9000,0x6642a000)]
  0x7e307000 JavaThread "pool-1-thread-449" [_thread_in_native, id=11216, stack(0x6642a000,0x6647b000)]
  0x7e306000 JavaThread "pool-1-thread-448" [_thread_in_native, id=11215, stack(0x6647b000,0x664cc000)]
  0x08ed4400 JavaThread "pool-1-thread-447" [_thread_blocked, id=11214, stack(0x664cc000,0x6651d000)]
  0x08ed2000 JavaThread "pool-1-thread-446" [_thread_blocked, id=11213, stack(0x6651d000,0x6656e000)]
  0x7e303000 JavaThread "pool-1-thread-445" [_thread_blocked, id=11212, stack(0x6656e000,0x665bf000)]
  0x7e301c00 JavaThread "pool-1-thread-444" [_thread_blocked, id=11211, stack(0x665bf000,0x66610000)]
  0x7e300c00 JavaThread "pool-1-thread-443" [_thread_blocked, id=11210, stack(0x66610000,0x66661000)]
  0x6eae8000 JavaThread "pool-1-thread-442" [_thread_blocked, id=11209, stack(0x66661000,0x666b2000)]
  0x09260000 JavaThread "pool-1-thread-441" [_thread_blocked, id=11208, stack(0x666b2000,0x66703000)]
  0x0925e800 JavaThread "pool-1-thread-440" [_thread_blocked, id=11207, stack(0x66703000,0x66754000)]
  0x7e3e1000 JavaThread "pool-1-thread-439" [_thread_in_native, id=11206, stack(0x66754000,0x667a5000)]
  0x6eae6400 JavaThread "pool-1-thread-438" [_thread_in_native, id=11205, stack(0x667a5000,0x667f6000)]
  0x0925cc00 JavaThread "pool-1-thread-437" [_thread_blocked, id=11204, stack(0x667f6000,0x66847000)]
  0x6eae4800 JavaThread "pool-1-thread-436" [_thread_blocked, id=11203, stack(0x66847000,0x66898000)]
  0x6eae3400 JavaThread "pool-1-thread-435" [_thread_blocked, id=11202, stack(0x66898000,0x668e9000)]
  0x6b780c00 JavaThread "pool-1-thread-434" [_thread_blocked, id=11201, stack(0x668e9000,0x6693a000)]
  0x6b77f400 JavaThread "pool-1-thread-433" [_thread_blocked, id=11200, stack(0x6693a000,0x6698b000)]
  0x6b77dc00 JavaThread "pool-1-thread-432" [_thread_in_native, id=11199, stack(0x6698b000,0x669dc000)]
  0x7e3dec00 JavaThread "pool-1-thread-431" [_thread_blocked, id=11198, stack(0x669dc000,0x66a2d000)]
  0x7e3dd400 JavaThread "pool-1-thread-430" [_thread_blocked, id=11197, stack(0x66a2d000,0x66a7e000)]
  0x7e3dc400 JavaThread "pool-1-thread-429" [_thread_blocked, id=11196, stack(0x66a7e000,0x66acf000)]
  0x7e3db400 JavaThread "pool-1-thread-428" [_thread_blocked, id=11195, stack(0x66acf000,0x66b20000)]
  0x08dcf000 JavaThread "pool-1-thread-427" [_thread_blocked, id=11194, stack(0x66b20000,0x66b71000)]
  0x6eae1000 JavaThread "pool-1-thread-426" [_thread_blocked, id=11193, stack(0x66b71000,0x66bc2000)]
  0x7f1c4800 JavaThread "pool-1-thread-425" [_thread_in_native, id=11192, stack(0x66bc2000,0x66c13000)]
  0x6b778800 JavaThread "pool-1-thread-424" [_thread_blocked, id=11191, stack(0x66c13000,0x66c64000)]
  0x08d01c00 JavaThread "pool-1-thread-423" [_thread_blocked, id=11190, stack(0x66c64000,0x66cb5000)]
  0x7f1c3000 JavaThread "pool-1-thread-422" [_thread_blocked, id=11189, stack(0x66cb5000,0x66d06000)]
  0x6b777400 JavaThread "pool-1-thread-421" [_thread_blocked, id=11188, stack(0x66d06000,0x66d57000)]
  0x7f1c1800 JavaThread "pool-1-thread-420" [_thread_blocked, id=11187, stack(0x66d57000,0x66da8000)]
  0x6b776000 JavaThread "pool-1-thread-419" [_thread_blocked, id=11186, stack(0x66da8000,0x66df9000)]
  0x08cfd800 JavaThread "pool-1-thread-418" [_thread_in_native, id=11185, stack(0x66df9000,0x66e4a000)]
  0x6b774800 JavaThread "pool-1-thread-417" [_thread_blocked, id=11184, stack(0x66e4a000,0x66e9b000)]
  0x6b773800 JavaThread "pool-1-thread-416" [_thread_blocked, id=11183, stack(0x66e9b000,0x66eec000)]
  0x08cfc000 JavaThread "pool-1-thread-415" [_thread_blocked, id=11182, stack(0x66eec000,0x66f3d000)]
  0x08cfac00 JavaThread "pool-1-thread-414" [_thread_blocked, id=11181, stack(0x66f3d000,0x66f8e000)]
  0x6eadf000 JavaThread "pool-1-thread-413" [_thread_blocked, id=11180, stack(0x66f8e000,0x66fdf000)]
  0x6eade400 JavaThread "pool-1-thread-412" [_thread_blocked, id=11179, stack(0x66fdf000,0x67030000)]
  0x08f7a400 JavaThread "pool-1-thread-411" [_thread_blocked, id=11178, stack(0x67030000,0x67081000)]
  0x6b771800 JavaThread "pool-1-thread-410" [_thread_blocked, id=11177, stack(0x67081000,0x670d2000)]
  0x6b770000 JavaThread "pool-1-thread-409" [_thread_blocked, id=11176, stack(0x670d2000,0x67123000)]
  0x7dece400 JavaThread "pool-1-thread-408" [_thread_blocked, id=11175, stack(0x67123000,0x67174000)]
  0x6b76e400 JavaThread "pool-1-thread-407" [_thread_blocked, id=11174, stack(0x67174000,0x671c5000)]
  0x08f77c00 JavaThread "pool-1-thread-406" [_thread_blocked, id=11173, stack(0x671c5000,0x67216000)]
  0x6eadc800 JavaThread "pool-1-thread-405" [_thread_blocked, id=11172, stack(0x67216000,0x67267000)]
  0x7e37e400 JavaThread "pool-1-thread-404" [_thread_blocked, id=11171, stack(0x67267000,0x672b8000)]
  0x6eadb000 JavaThread "pool-1-thread-403" [_thread_blocked, id=11170, stack(0x672b8000,0x67309000)]
  0x78422400 JavaThread "pool-1-thread-402" [_thread_blocked, id=11169, stack(0x67309000,0x6735a000)]
  0x6b76c000 JavaThread "pool-1-thread-401" [_thread_blocked, id=11168, stack(0x6735a000,0x673ab000)]
  0x6ead9000 JavaThread "pool-1-thread-400" [_thread_blocked, id=11167, stack(0x673ab000,0x673fc000)]
  0x6ead7c00 JavaThread "pool-1-thread-399" [_thread_blocked, id=11166, stack(0x673fc000,0x6744d000)]
  0x7dcb9400 JavaThread "pool-1-thread-398" [_thread_blocked, id=11165, stack(0x6744d000,0x6749e000)]
  0x08f76000 JavaThread "pool-1-thread-397" [_thread_blocked, id=11164, stack(0x6749e000,0x674ef000)]
  0x6ead6800 JavaThread "pool-1-thread-396" [_thread_in_native, id=11163, stack(0x674ef000,0x67540000)]
  0x6b76a800 JavaThread "pool-1-thread-395" [_thread_blocked, id=11162, stack(0x67540000,0x67591000)]
  0x090eb800 JavaThread "pool-1-thread-394" [_thread_blocked, id=11161, stack(0x67591000,0x675e2000)]
  0x6ead5000 JavaThread "pool-1-thread-393" [_thread_blocked, id=11160, stack(0x675e2000,0x67633000)]
  0x7dcb3000 JavaThread "pool-1-thread-392" [_thread_blocked, id=11159, stack(0x67633000,0x67684000)]
  0x6b769000 JavaThread "pool-1-thread-391" [_thread_blocked, id=11158, stack(0x67684000,0x676d5000)]
  0x6b767400 JavaThread "pool-1-thread-390" [_thread_blocked, id=11157, stack(0x676d5000,0x67726000)]
  0x6eaae000 JavaThread "pool-1-thread-389" [_thread_blocked, id=11156, stack(0x67726000,0x67777000)]
  0x6eaad000 JavaThread "pool-1-thread-388" [_thread_blocked, id=11155, stack(0x67777000,0x677c8000)]
  0x6eaab800 JavaThread "pool-1-thread-387" [_thread_blocked, id=11154, stack(0x677c8000,0x67819000)]
  0x6eaa9c00 JavaThread "pool-1-thread-386" [_thread_blocked, id=11153, stack(0x67819000,0x6786a000)]
  0x08e68000 JavaThread "pool-1-thread-385" [_thread_in_native, id=11152, stack(0x6786a000,0x678bb000)]
  0x6eaa8400 JavaThread "pool-1-thread-384" [_thread_blocked, id=11151, stack(0x678bb000,0x6790c000)]
  0x6eaa6c00 JavaThread "pool-1-thread-383" [_thread_blocked, id=11150, stack(0x6790c000,0x6795d000)]
  0x08e64c00 JavaThread "pool-1-thread-382" [_thread_blocked, id=11149, stack(0x6795d000,0x679ae000)]
  0x08e63400 JavaThread "pool-1-thread-381" [_thread_in_native, id=11148, stack(0x679ae000,0x679ff000)]
  0x6b74c000 JavaThread "pool-1-thread-380" [_thread_blocked, id=11147, stack(0x679ff000,0x67a50000)]
  0x08e61800 JavaThread "pool-1-thread-379" [_thread_blocked, id=11146, stack(0x67a50000,0x67aa1000)]
  0x7ee0b800 JavaThread "pool-1-thread-378" [_thread_blocked, id=11145, stack(0x67aa1000,0x67af2000)]
  0x6b74ac00 JavaThread "pool-1-thread-377" [_thread_blocked, id=11144, stack(0x67af2000,0x67b43000)]
  0x7ee0a000 JavaThread "pool-1-thread-376" [_thread_blocked, id=11143, stack(0x67b43000,0x67b94000)]
  0x7ee08400 JavaThread "pool-1-thread-375" [_thread_blocked, id=11142, stack(0x67b94000,0x67be5000)]
  0x6b748c00 JavaThread "pool-1-thread-374" [_thread_blocked, id=11141, stack(0x67be5000,0x67c36000)]
  0x7e58ec00 JavaThread "pool-1-thread-373" [_thread_blocked, id=11140, stack(0x67c36000,0x67c87000)]
  0x7e58dc00 JavaThread "pool-1-thread-372" [_thread_blocked, id=11139, stack(0x67c87000,0x67cd8000)]
  0x6eaa4800 JavaThread "pool-1-thread-371" [_thread_blocked, id=11138, stack(0x67cd8000,0x67d29000)]
  0x08d09000 JavaThread "pool-1-thread-370" [_thread_blocked, id=11137, stack(0x67d29000,0x67d7a000)]
  0x7e58c000 JavaThread "pool-1-thread-369" [_thread_in_native, id=11136, stack(0x67d7a000,0x67dcb000)]
  0x6eaa2c00 JavaThread "pool-1-thread-368" [_thread_blocked, id=11135, stack(0x67dcb000,0x67e1c000)]
  0x6b746400 JavaThread "pool-1-thread-367" [_thread_blocked, id=11134, stack(0x67e1c000,0x67e6d000)]
  0x6eaa1000 JavaThread "pool-1-thread-366" [_thread_in_native, id=11133, stack(0x67e6d000,0x67ebe000)]
  0x7e58a400 JavaThread "pool-1-thread-365" [_thread_in_native, id=11132, stack(0x67ebe000,0x67f0f000)]
  0x6b744800 JavaThread "pool-1-thread-364" [_thread_blocked, id=11131, stack(0x67f0f000,0x67f60000)]
  0x6ea9f800 JavaThread "pool-1-thread-363" [_thread_blocked, id=11130, stack(0x67f60000,0x67fb1000)]
  0x08d06c00 JavaThread "pool-1-thread-362" [_thread_blocked, id=11129, stack(0x67fb1000,0x68002000)]
  0x08d05400 JavaThread "pool-1-thread-361" [_thread_in_native, id=11128, stack(0x68002000,0x68053000)]
  0x6b742c00 JavaThread "pool-1-thread-360" [_thread_in_native, id=11127, stack(0x68053000,0x680a4000)]
  0x6b741000 JavaThread "pool-1-thread-359" [_thread_blocked, id=11126, stack(0x680a4000,0x680f5000)]
  0x08d04000 JavaThread "pool-1-thread-358" [_thread_in_native, id=11125, stack(0x680f5000,0x68146000)]
  0x7e588800 JavaThread "pool-1-thread-357" [_thread_blocked, id=11124, stack(0x68146000,0x68197000)]
  0x6ea97400 JavaThread "pool-1-thread-356" [_thread_blocked, id=11123, stack(0x68197000,0x681e8000)]
  0x6ea95c00 JavaThread "pool-1-thread-355" [_thread_in_native, id=11122, stack(0x681e8000,0x68239000)]
  0x08f5f400 JavaThread "pool-1-thread-354" [_thread_in_native, id=11121, stack(0x68239000,0x6828a000)]
  0x6b73f400 JavaThread "pool-1-thread-353" [_thread_in_native, id=11120, stack(0x6828a000,0x682db000)]
  0x08f5dc00 JavaThread "pool-1-thread-352" [_thread_blocked, id=11119, stack(0x682db000,0x6832c000)]
  0x6b711c00 JavaThread "pool-1-thread-351" [_thread_in_native, id=11118, stack(0x6832c000,0x6837d000)]
  0x08f5d000 JavaThread "pool-1-thread-350" [_thread_blocked, id=11117, stack(0x6837d000,0x683ce000)]
  0x7f038800 JavaThread "pool-1-thread-349" [_thread_blocked, id=11116, stack(0x683ce000,0x6841f000)]
  0x6b710400 JavaThread "pool-1-thread-348" [_thread_blocked, id=11115, stack(0x6841f000,0x68470000)]
  0x7f037400 JavaThread "pool-1-thread-347" [_thread_blocked, id=11114, stack(0x68470000,0x684c1000)]
  0x08f6f000 JavaThread "pool-1-thread-346" [_thread_blocked, id=11113, stack(0x684c1000,0x68512000)]
  0x6b70e400 JavaThread "pool-1-thread-345" [_thread_blocked, id=11112, stack(0x68512000,0x68563000)]
  0x6b70cc00 JavaThread "pool-1-thread-344" [_thread_in_native, id=11111, stack(0x68563000,0x685b4000)]
  0x7f034800 JavaThread "pool-1-thread-343" [_thread_blocked, id=11110, stack(0x685b4000,0x68605000)]
  0x7e33f400 JavaThread "pool-1-thread-342" [_thread_blocked, id=11109, stack(0x68605000,0x68656000)]
  0x6b70b000 JavaThread "pool-1-thread-341" [_thread_blocked, id=11108, stack(0x68656000,0x686a7000)]
  0x6ea93000 JavaThread "pool-1-thread-340" [_thread_in_native, id=11107, stack(0x686a7000,0x686f8000)]
  0x08f6cc00 JavaThread "pool-1-thread-339" [_thread_blocked, id=11106, stack(0x686f8000,0x68749000)]
  0x6ea91800 JavaThread "pool-1-thread-338" [_thread_in_native, id=11105, stack(0x68749000,0x6879a000)]
  0x08f6b800 JavaThread "pool-1-thread-337" [_thread_blocked, id=11104, stack(0x6879a000,0x687eb000)]
  0x7e33d800 JavaThread "pool-1-thread-336" [_thread_blocked, id=11103, stack(0x687eb000,0x6883c000)]
  0x08fb6c00 JavaThread "pool-1-thread-335" [_thread_in_native, id=11102, stack(0x6883c000,0x6888d000)]
  0x08fb5c00 JavaThread "pool-1-thread-334" [_thread_blocked, id=11101, stack(0x6888d000,0x688de000)]
  0x7e33c400 JavaThread "pool-1-thread-333" [_thread_in_native, id=11100, stack(0x688de000,0x6892f000)]
  0x6b765c00 JavaThread "pool-1-thread-332" [_thread_blocked, id=11099, stack(0x6892f000,0x68980000)]
  0x6ead3400 JavaThread "pool-1-thread-331" [_thread_blocked, id=11098, stack(0x68980000,0x689d1000)]
  0x6b764800 JavaThread "pool-1-thread-330" [_thread_blocked, id=11097, stack(0x689d1000,0x68a22000)]
  0x7e33ac00 JavaThread "pool-1-thread-329" [_thread_blocked, id=11096, stack(0x68a22000,0x68a73000)]
  0x7e339800 JavaThread "pool-1-thread-328" [_thread_blocked, id=11095, stack(0x68a73000,0x68ac4000)]
  0x6b762800 JavaThread "pool-1-thread-327" [_thread_blocked, id=11094, stack(0x68ac4000,0x68b15000)]
  0x7eee2000 JavaThread "pool-1-thread-326" [_thread_blocked, id=11093, stack(0x68b15000,0x68b66000)]
  0x6ead0c00 JavaThread "pool-1-thread-325" [_thread_blocked, id=11092, stack(0x68b66000,0x68bb7000)]
  0x7eee0000 JavaThread "pool-1-thread-324" [_thread_in_native, id=11091, stack(0x68bb7000,0x68c08000)]
  0x090ec800 JavaThread "pool-1-thread-323" [_thread_in_native, id=11090, stack(0x68c08000,0x68c59000)]
  0x7eedd000 JavaThread "pool-1-thread-322" [_thread_blocked, id=11089, stack(0x68c59000,0x68caa000)]
  0x7eedb800 JavaThread "pool-1-thread-321" [_thread_blocked, id=11088, stack(0x68caa000,0x68cfb000)]
  0x7f4a0400 JavaThread "pool-1-thread-320" [_thread_blocked, id=11087, stack(0x68cfb000,0x68d4c000)]
  0x6eacf800 JavaThread "pool-1-thread-319" [_thread_blocked, id=11086, stack(0x68d4c000,0x68d9d000)]
  0x7f49e400 JavaThread "pool-1-thread-318" [_thread_blocked, id=11085, stack(0x68d9d000,0x68dee000)]
  0x6b75fc00 JavaThread "pool-1-thread-317" [_thread_blocked, id=11084, stack(0x68dee000,0x68e3f000)]
  0x09ab7400 JavaThread "pool-1-thread-316" [_thread_blocked, id=11083, stack(0x68e3f000,0x68e90000)]
  0x09b34000 JavaThread "pool-1-thread-315" [_thread_blocked, id=11082, stack(0x68e90000,0x68ee1000)]
  0x6eacd400 JavaThread "pool-1-thread-314" [_thread_blocked, id=11081, stack(0x68ee1000,0x68f32000)]
  0x0993c400 JavaThread "pool-1-thread-313" [_thread_in_native, id=11080, stack(0x68f32000,0x68f83000)]
  0x6b75e000 JavaThread "pool-1-thread-312" [_thread_blocked, id=11079, stack(0x68f83000,0x68fd4000)]
  0x09768400 JavaThread "pool-1-thread-311" [_thread_blocked, id=11078, stack(0x68fd4000,0x69025000)]
  0x7f499000 JavaThread "pool-1-thread-310" [_thread_blocked, id=11077, stack(0x69025000,0x69076000)]
  0x6b75c000 JavaThread "pool-1-thread-309" [_thread_blocked, id=11076, stack(0x69076000,0x690c7000)]
  0x7fcc8000 JavaThread "pool-1-thread-308" [_thread_in_native, id=11075, stack(0x690c7000,0x69118000)]
  0x7fcc6800 JavaThread "pool-1-thread-307" [_thread_blocked, id=11074, stack(0x69118000,0x69169000)]
  0x7d517c00 JavaThread "pool-1-thread-306" [_thread_blocked, id=11073, stack(0x69169000,0x691ba000)]
  0x6eacb000 JavaThread "pool-1-thread-305" [_thread_blocked, id=11072, stack(0x691ba000,0x6920b000)]
  0x7d516400 JavaThread "pool-1-thread-304" [_thread_blocked, id=11071, stack(0x6920b000,0x6925c000)]
  0x099ca800 JavaThread "pool-1-thread-303" [_thread_blocked, id=11070, stack(0x6925c000,0x692ad000)]
  0x7fcc4400 JavaThread "pool-1-thread-302" [_thread_in_native, id=11069, stack(0x692ad000,0x692fe000)]
  0x7d514400 JavaThread "pool-1-thread-301" [_thread_blocked, id=11068, stack(0x692fe000,0x6934f000)]
  0x099e4000 JavaThread "pool-1-thread-300" [_thread_in_native, id=11067, stack(0x6934f000,0x693a0000)]
  0x08dad400 JavaThread "pool-1-thread-299" [_thread_blocked, id=11066, stack(0x693a0000,0x693f1000)]
  0x09393800 JavaThread "pool-1-thread-298" [_thread_blocked, id=11065, stack(0x693f1000,0x69442000)]
  0x7fcc2800 JavaThread "pool-1-thread-297" [_thread_blocked, id=11064, stack(0x69442000,0x69493000)]
  0x09a8e400 JavaThread "pool-1-thread-296" [_thread_blocked, id=11063, stack(0x69493000,0x694e4000)]
  0x6b754000 JavaThread "pool-1-thread-295" [_thread_blocked, id=11062, stack(0x694e4000,0x69535000)]
  0x7d512c00 JavaThread "pool-1-thread-294" [_thread_blocked, id=11061, stack(0x69535000,0x69586000)]
  0x6b753000 JavaThread "pool-1-thread-293" [_thread_in_native, id=11060, stack(0x69d5f000,0x69db0000)]
  0x6eac9000 JavaThread "pool-1-thread-292" [_thread_blocked, id=11059, stack(0x69586000,0x695d7000)]
  0x09ac9000 JavaThread "pool-1-thread-291" [_thread_blocked, id=11058, stack(0x695d7000,0x69628000)]
  0x6b751400 JavaThread "pool-1-thread-290" [_thread_in_native, id=11057, stack(0x69628000,0x69679000)]
  0x09061400 JavaThread "pool-1-thread-289" [_thread_blocked, id=11056, stack(0x69679000,0x696ca000)]
  0x093ce000 JavaThread "pool-1-thread-288" [_thread_blocked, id=11055, stack(0x696ca000,0x6971b000)]
  0x09863000 JavaThread "pool-1-thread-287" [_thread_in_native, id=11054, stack(0x6971b000,0x6976c000)]
  0x7cfe9000 JavaThread "pool-1-thread-286" [_thread_in_native, id=11053, stack(0x6976c000,0x697bd000)]
  0x6eac6c00 JavaThread "pool-1-thread-285" [_thread_blocked, id=11052, stack(0x697bd000,0x6980e000)]
  0x7cfe7800 JavaThread "pool-1-thread-284" [_thread_in_native, id=11051, stack(0x6980e000,0x6985f000)]
  0x08c2b800 JavaThread "pool-1-thread-283" [_thread_in_native, id=11050, stack(0x6985f000,0x698b0000)]
  0x6eab5400 JavaThread "pool-1-thread-282" [_thread_in_native, id=11049, stack(0x698b0000,0x69901000)]
  0x6b74f400 JavaThread "pool-1-thread-281" [_thread_in_native, id=11048, stack(0x69901000,0x69952000)]
  0x094c6800 JavaThread "pool-1-thread-280" [_thread_in_native, id=11047, stack(0x69952000,0x699a3000)]
  0x7ee07400 JavaThread "pool-1-thread-279" [_thread_in_native, id=11046, stack(0x699a3000,0x699f4000)]
  0x7ee05c00 JavaThread "pool-1-thread-278" [_thread_blocked, id=11045, stack(0x699f4000,0x69a45000)]
  0x6eab3800 JavaThread "pool-1-thread-277" [_thread_in_native, id=11044, stack(0x69a45000,0x69a96000)]
  0x7ee04400 JavaThread "pool-1-thread-276" [_thread_in_native, id=11043, stack(0x69a96000,0x69ae7000)]
  0x6eab2400 JavaThread "pool-1-thread-275" [_thread_in_native, id=11042, stack(0x69ae7000,0x69b38000)]
  0x6eab1400 JavaThread "pool-1-thread-273" [_thread_blocked, id=11040, stack(0x69b89000,0x69bda000)]
  0x6eab0000 JavaThread "pool-1-thread-272" [_thread_in_native, id=11039, stack(0x69bda000,0x69c2b000)]
  0x6b71dc00 JavaThread "pool-1-thread-271" [_thread_blocked, id=11038, stack(0x69c2b000,0x69c7c000)]
  0x6ea9f000 JavaThread "pool-1-thread-270" [_thread_blocked, id=11037, stack(0x69c7c000,0x69ccd000)]
  0xb67ce400 JavaThread "pool-1-thread-268" [_thread_in_native, id=11034, stack(0x69db0000,0x69e01000)]
  0x6ea9cc00 JavaThread "pool-1-thread-267" [_thread_in_native, id=11033, stack(0x69e01000,0x69e52000)]
  0x6ea9b000 JavaThread "pool-1-thread-266" [_thread_blocked, id=11032, stack(0x69e52000,0x69ea3000)]
  0xb67cc800 JavaThread "pool-1-thread-265" [_thread_in_native, id=11031, stack(0x69ea3000,0x69ef4000)]
  0x6ea99800 JavaThread "pool-1-thread-264" [_thread_in_native, id=11030, stack(0x69ef4000,0x69f45000)]
  0x6b71a000 JavaThread "pool-1-thread-263" [_thread_in_native, id=11029, stack(0x69f45000,0x69f96000)]
  0x09481800 JavaThread "pool-1-thread-262" [_thread_blocked, id=11028, stack(0x69f96000,0x69fe7000)]
  0xb67cac00 JavaThread "pool-1-thread-261" [_thread_blocked, id=11027, stack(0x69fe7000,0x6a038000)]
  0x7f06ec00 JavaThread "pool-1-thread-260" [_thread_in_native, id=11026, stack(0x6a038000,0x6a089000)]
  0x6b718800 JavaThread "pool-1-thread-259" [_thread_in_native, id=11025, stack(0x6a089000,0x6a0da000)]
  0x09480800 JavaThread "pool-1-thread-258" [_thread_in_native, id=11024, stack(0x6a0da000,0x6a12b000)]
  0x7eb8fc00 JavaThread "pool-1-thread-257" [_thread_in_native, id=11023, stack(0x6a12b000,0x6a17c000)]
  0x09652800 JavaThread "pool-1-thread-256" [_thread_blocked, id=10957